\BOOKMARK [0][]{CAPA.0}{CAPA}{}% 1
\BOOKMARK [0][]{VERSO.0}{VERSO}{}% 2
\BOOKMARK [0][]{FOLHA DE ROSTO.0}{FOLHA DE ROSTO}{}% 3
\BOOKMARK [0][]{.0}{TERMOS DE USO}{}% 4
\BOOKMARK [0][]{nomeresumo.0}{RESUMO}{}% 5
\BOOKMARK [0][]{nomeabstract.0}{ABSTRACT}{}% 6
\BOOKMARK [0][]{listfigurename.0}{LISTA DE FIGURAS}{}% 7
\BOOKMARK [0][]{listtablename.0}{LISTA DE TABELAS}{}% 8
\BOOKMARK [0][]{nomeabreviaturasesiglas.0}{LISTA DE ABREVIATURAS E SIGLAS}{}% 9
\BOOKMARK [0][]{contentsname.0}{SUM\301RIO}{}% 10
\BOOKMARK [0][]{chapter.1}{1 IONOSFERA}{}% 11
\BOOKMARK [1][]{section.1.1}{1.1 Anomalias na ionosfera}{chapter.1}% 12
\BOOKMARK [1][]{section.1.2}{1.2 Algumas vari\341veis importantes para o estudo da cintila\347\343o ionosf\351rica}{chapter.1}% 13
\BOOKMARK [1][]{section.1.3}{1.3 Bolhas de Plasma}{chapter.1}% 14
\BOOKMARK [0][]{chapter.2}{2 MINERA\307\303O DE DADOS}{}% 15
\BOOKMARK [1][]{section.2.1}{2.1 Aprendizagem de m\341quina}{chapter.2}% 16
\BOOKMARK [1][]{section.2.2}{2.2 M\351tricas}{chapter.2}% 17
\BOOKMARK [2][]{subsection.2.2.1}{2.2.1 Classifica\347\343o}{section.2.2}% 18
\BOOKMARK [2][]{subsection.2.2.2}{2.2.2 Regress\343o}{section.2.2}% 19
\BOOKMARK [1][]{section.2.3}{2.3 Algoritmo: \301rvores}{chapter.2}% 20
\BOOKMARK [2][]{subsection.2.3.1}{2.3.1 \301rvores de Regress\343o}{section.2.3}% 21
\BOOKMARK [2][]{subsection.2.3.2}{2.3.2 \301rvores de Decis\343o}{section.2.3}% 22
\BOOKMARK [1][]{section.2.4}{2.4 T\351cnicas de Conjunto}{chapter.2}% 23
\BOOKMARK [1][]{section.2.5}{2.5 Extreme Gradient Boosting: XGBOOST}{chapter.2}% 24
\BOOKMARK [0][]{chapter.3}{3 REZENDE}{}% 25
\BOOKMARK [1][]{section.3.1}{3.1 Revis\343o}{chapter.3}% 26
\BOOKMARK [2][]{subsection.3.1.1}{3.1.1 Principais Pontos}{section.3.1}% 27
\BOOKMARK [2][]{subsection.3.1.2}{3.1.2 An\341lise}{section.3.1}% 28
\BOOKMARK [1][]{section.3.2}{3.2 Reprodu\347\343o}{chapter.3}% 29
\BOOKMARK [2][]{subsection.3.2.1}{3.2.1 Original}{section.3.2}% 30
\BOOKMARK [2][]{subsection.3.2.2}{3.2.2 Resultados}{section.3.2}% 31
\BOOKMARK [0][]{chapter.4}{REFER\312NCIAS BIBLIOGR\301FICAS}{}% 32
